<?xml version="1.0" encoding="UTF-8"?>
<testsuite name="com.github.kayjamlang.io.stream.InputTests" tests="3" skipped="0" failures="0" errors="0" timestamp="2021-05-16T15:34:31" hostname="HOME" time="0.081">
  <properties/>
  <testcase name="inputCreate()" classname="com.github.kayjamlang.io.stream.InputTests" time="0.063"/>
  <testcase name="available()" classname="com.github.kayjamlang.io.stream.InputTests" time="0.007"/>
  <testcase name="read()" classname="com.github.kayjamlang.io.stream.InputTests" time="0.007"/>
  <system-out><![CDATA[]]></system-out>
  <system-err><![CDATA[]]></system-err>
</testsuite>
