<?xml version="1.0" encoding="UTF-8"?>
<testsuite name="com.github.kayjamlang.io.stream.OutputTests" tests="2" skipped="0" failures="0" errors="0" timestamp="2021-05-16T15:34:31" hostname="HOME" time="0.011">
  <properties/>
  <testcase name="outputCreate()" classname="com.github.kayjamlang.io.stream.OutputTests" time="0.004"/>
  <testcase name="write()" classname="com.github.kayjamlang.io.stream.OutputTests" time="0.005"/>
  <system-out><![CDATA[]]></system-out>
  <system-err><![CDATA[]]></system-err>
</testsuite>
